生成启动时间为 2015/5/26 17:25:30。
     1>项目“C:\Users\Administrator\Documents\Visual Studio 2013\Projects\ResourceAllocationPolicy\ResourceAllocationPolicy\ResourceAllocationPolicy.vcxproj”在节点 2 上(Build 个目标)。
     1>ClCompile:
         C:\Program Files (x86)\Microsoft Visual Studio 12.0\VC\bin\CL.exe /c /ZI /nologo /W3 /WX- /sdl /Od /Oy- /D WIN32 /D _DEBUG /D _CONSOLE /D _LIB /D _UNICODE /D UNICODE /Gm /EHsc /RTC1 /MDd /GS /fp:precise /Zc:wchar_t /Zc:forScope /Yu"stdafx.h" /Fp"Debug\ResourceAllocationPolicy.pch" /Fo"Debug\\" /Fd"Debug\vc120.pdb" /Gd /TP /analyze- /errorReport:prompt ResourceAllocationPolicy.cpp
         ResourceAllocationPolicy.cpp
     1>c:\users\administrator\documents\visual studio 2013\projects\resourceallocationpolicy\resourceallocationpolicy\resourceallocationpolicy.cpp(91): warning C4018: “<”: 有符号/无符号不匹配
     1>c:\users\administrator\documents\visual studio 2013\projects\resourceallocationpolicy\resourceallocationpolicy\resourceallocationpolicy.cpp(117): warning C4018: “<”: 有符号/无符号不匹配
     1>c:\users\administrator\documents\visual studio 2013\projects\resourceallocationpolicy\resourceallocationpolicy\resourceallocationpolicy.cpp(125): warning C4258: “i”: 忽略 For 循环中的定义；使用封闭范围中的定义
                 c:\users\administrator\documents\visual studio 2013\projects\resourceallocationpolicy\resourceallocationpolicy\resourceallocationpolicy.cpp(117) : 忽略“i”的定义
                 c:\users\administrator\documents\visual studio 2013\projects\resourceallocationpolicy\resourceallocationpolicy\resourceallocationpolicy.cpp(86) : 使用“i”的定义
     1>c:\users\administrator\documents\visual studio 2013\projects\resourceallocationpolicy\resourceallocationpolicy\resourceallocationpolicy.cpp(223): warning C4018: “<”: 有符号/无符号不匹配
     1>c:\users\administrator\documents\visual studio 2013\projects\resourceallocationpolicy\resourceallocationpolicy\resourceallocationpolicy.cpp(240): warning C4018: “<”: 有符号/无符号不匹配
     1>c:\users\administrator\documents\visual studio 2013\projects\resourceallocationpolicy\resourceallocationpolicy\resourceallocationpolicy.cpp(276): warning C4018: “<”: 有符号/无符号不匹配
     1>c:\users\administrator\documents\visual studio 2013\projects\resourceallocationpolicy\resourceallocationpolicy\resourceallocationpolicy.cpp(318): warning C4018: “<”: 有符号/无符号不匹配
       Link:
         C:\Program Files (x86)\Microsoft Visual Studio 12.0\VC\bin\link.exe /ERRORREPORT:PROMPT /OUT:"C:\Users\Administrator\Documents\Visual Studio 2013\Projects\ResourceAllocationPolicy\Debug\ResourceAllocationPolicy.exe" /INCREMENTAL /NOLOGO kernel32.lib user32.lib gdi32.lib winspool.lib comdlg32.lib advapi32.lib shell32.lib ole32.lib oleaut32.lib uuid.lib odbc32.lib odbccp32.lib /MANIFEST /MANIFESTUAC:"level='asInvoker' uiAccess='false'" /manifest:embed /DEBUG /PDB:"C:\Users\Administrator\Documents\Visual Studio 2013\Projects\ResourceAllocationPolicy\Debug\ResourceAllocationPolicy.pdb" /SUBSYSTEM:CONSOLE /TLBID:1 /DYNAMICBASE /NXCOMPAT /IMPLIB:"C:\Users\Administrator\Documents\Visual Studio 2013\Projects\ResourceAllocationPolicy\Debug\ResourceAllocationPolicy.lib" /MACHINE:X86 Debug\ResourceAllocationPolicy.obj
         Debug\stdafx.obj
         ResourceAllocationPolicy.vcxproj -> C:\Users\Administrator\Documents\Visual Studio 2013\Projects\ResourceAllocationPolicy\Debug\ResourceAllocationPolicy.exe
     1>已完成生成项目“C:\Users\Administrator\Documents\Visual Studio 2013\Projects\ResourceAllocationPolicy\ResourceAllocationPolicy\ResourceAllocationPolicy.vcxproj”(Build 个目标)的操作。

生成成功。

已用时间 00:00:01.25
